[
{"event": "image_load", "image_name": "***/box1", "image_id": 1, "base_addr": "0x557a93890000", "image_size": "0x135f"},
{"event": "image_load", "image_name": "/lib64/ld-linux-x86-64.so.2", "image_id": 2, "base_addr": "0x7fb95ac8c000", "image_size": "0x26c23"},
{"event": "image_load", "image_name": "[vdso]", "image_id": 3, "base_addr": "0x7ffc905a6000", "image_size": "0x100a"},
{"event": "image_load", "image_name": "/lib/x86_64-linux-gnu/libc.so.6", "image_id": 4, "base_addr": "0x7fb9464a4000", "image_size": "0x3f0adf"},
{"event": "branch", "inst_addr": "0x557a9389064e", "branch_taken": true},
{"event": "branch", "inst_addr": "0x557a93890ed4", "branch_taken": false},
{"event": "branch", "inst_addr": "0x557a938907f5", "branch_taken": true},
{"event": "branch", "inst_addr": "0x557a93890786", "branch_taken": true},
{"event": "branch", "inst_addr": "0x557a93890ef4", "branch_taken": false},
{"event": "branch", "inst_addr": "0x557a938906b0", "branch_taken": true},
{"event": "branch", "inst_addr": "0x557a93890690", "branch_taken": true},
{"event": "branch", "inst_addr": "0x557a93890e3f", "branch_taken": true},
{"event": "branch", "inst_addr": "0x557a938906c0", "branch_taken": true},
{"event": "branch", "inst_addr": "0x557a938906a0", "branch_taken": true},
{"event": "branch", "inst_addr": "0x557a93890b99", "branch_taken": true},
{"event": "branch", "inst_addr": "0x557a93890ddc", "branch_taken": true},
{"event": "branch", "inst_addr": "0x557a93890bac", "branch_taken": false},
{"event": "branch", "inst_addr": "0x557a93890bb6", "branch_taken": true},
{"event": "branch", "inst_addr": "0x557a93890bfe", "branch_taken": true},
{"event": "branch", "inst_addr": "0x557a93890c46", "branch_taken": true},
{"event": "branch", "inst_addr": "0x557a93890c8e", "branch_taken": true},
{"event": "branch", "inst_addr": "0x557a93890cd6", "branch_taken": true},
{"event": "branch", "inst_addr": "0x557a93890d1e", "branch_taken": true},
{"event": "branch", "inst_addr": "0x557a93890d63", "branch_taken": false},
{"event": "branch", "inst_addr": "0x557a93890d69", "branch_taken": false},
{"event": "branch", "inst_addr": "0x557a93890d6f", "branch_taken": false},
{"event": "branch", "inst_addr": "0x557a93890d97", "branch_taken": true},
{"event": "branch", "inst_addr": "0x557a93890dc1", "branch_taken": true},
{"event": "branch", "inst_addr": "0x557a93890ddc", "branch_taken": true},
{"event": "branch", "inst_addr": "0x557a93890bac", "branch_taken": false},
{"event": "branch", "inst_addr": "0x557a93890bb6", "branch_taken": true},
{"event": "branch", "inst_addr": "0x557a93890bfe", "branch_taken": true},
{"event": "branch", "inst_addr": "0x557a93890c46", "branch_taken": true},
{"event": "branch", "inst_addr": "0x557a93890c8e", "branch_taken": true},
{"event": "branch", "inst_addr": "0x557a93890cd6", "branch_taken": true},
{"event": "branch", "inst_addr": "0x557a93890d1e", "branch_taken": true},
{"event": "branch", "inst_addr": "0x557a93890d63", "branch_taken": false},
{"event": "branch", "inst_addr": "0x557a93890d69", "branch_taken": false},
{"event": "branch", "inst_addr": "0x557a93890d6f", "branch_taken": false},
{"event": "branch", "inst_addr": "0x557a93890d97", "branch_taken": true},
{"event": "branch", "inst_addr": "0x557a93890dc1", "branch_taken": true},
{"event": "branch", "inst_addr": "0x557a93890ddc", "branch_taken": true},
{"event": "branch", "inst_addr": "0x557a93890bac", "branch_taken": false},
{"event": "branch", "inst_addr": "0x557a93890bb6", "branch_taken": true},
{"event": "branch", "inst_addr": "0x557a93890bfe", "branch_taken": true},
{"event": "branch", "inst_addr": "0x557a93890c46", "branch_taken": true},
{"event": "branch", "inst_addr": "0x557a93890c8e", "branch_taken": true},
{"event": "branch", "inst_addr": "0x557a93890cd6", "branch_taken": true},
{"event": "branch", "inst_addr": "0x557a93890d1e", "branch_taken": true},
{"event": "branch", "inst_addr": "0x557a93890d63", "branch_taken": false},
{"event": "branch", "inst_addr": "0x557a93890d69", "branch_taken": false},
{"event": "branch", "inst_addr": "0x557a93890d6f", "branch_taken": false},
{"event": "branch", "inst_addr": "0x557a93890d97", "branch_taken": true},
{"event": "branch", "inst_addr": "0x557a93890dc1", "branch_taken": true},
{"event": "branch", "inst_addr": "0x557a93890ddc", "branch_taken": true},
{"event": "branch", "inst_addr": "0x557a93890bac", "branch_taken": false},
{"event": "branch", "inst_addr": "0x557a93890bb6", "branch_taken": true},
{"event": "branch", "inst_addr": "0x557a93890bfe", "branch_taken": true},
{"event": "branch", "inst_addr": "0x557a93890c46", "branch_taken": true},
{"event": "branch", "inst_addr": "0x557a93890c8e", "branch_taken": true},
{"event": "branch", "inst_addr": "0x557a93890cd6", "branch_taken": true},
{"event": "branch", "inst_addr": "0x557a93890d1e", "branch_taken": true},
{"event": "branch", "inst_addr": "0x557a93890d63", "branch_taken": false},
{"event": "branch", "inst_addr": "0x557a93890d69", "branch_taken": false},
{"event": "branch", "inst_addr": "0x557a93890d6f", "branch_taken": false},
{"event": "branch", "inst_addr": "0x557a93890d97", "branch_taken": false},
{"event": "branch", "inst_addr": "0x557a938909c4", "branch_taken": true},
{"event": "branch", "inst_addr": "0x557a93890db8", "branch_taken": true},
{"event": "branch", "inst_addr": "0x557a93890ddc", "branch_taken": true},
{"event": "branch", "inst_addr": "0x557a93890bac", "branch_taken": false},
{"event": "branch", "inst_addr": "0x557a93890bb6", "branch_taken": true},
{"event": "branch", "inst_addr": "0x557a93890bfe", "branch_taken": true},
{"event": "branch", "inst_addr": "0x557a93890c46", "branch_taken": true},
{"event": "branch", "inst_addr": "0x557a93890c8e", "branch_taken": true},
{"event": "branch", "inst_addr": "0x557a93890cd6", "branch_taken": true},
{"event": "branch", "inst_addr": "0x557a93890d1e", "branch_taken": true},
{"event": "branch", "inst_addr": "0x557a93890d63", "branch_taken": false},
{"event": "branch", "inst_addr": "0x557a93890d69", "branch_taken": false},
{"event": "branch", "inst_addr": "0x557a93890d6f", "branch_taken": false},
{"event": "branch", "inst_addr": "0x557a93890d97", "branch_taken": true},
{"event": "branch", "inst_addr": "0x557a93890dc1", "branch_taken": true},
{"event": "branch", "inst_addr": "0x557a93890ddc", "branch_taken": true},
{"event": "branch", "inst_addr": "0x557a93890bac", "branch_taken": false},
{"event": "branch", "inst_addr": "0x557a93890bb6", "branch_taken": true},
{"event": "branch", "inst_addr": "0x557a93890bfe", "branch_taken": true},
{"event": "branch", "inst_addr": "0x557a93890c46", "branch_taken": true},
{"event": "branch", "inst_addr": "0x557a93890c8e", "branch_taken": true},
{"event": "branch", "inst_addr": "0x557a93890cd6", "branch_taken": true},
{"event": "branch", "inst_addr": "0x557a93890d1e", "branch_taken": true},
{"event": "branch", "inst_addr": "0x557a93890d63", "branch_taken": false},
{"event": "branch", "inst_addr": "0x557a93890d69", "branch_taken": false},
{"event": "branch", "inst_addr": "0x557a93890d6f", "branch_taken": false},
{"event": "branch", "inst_addr": "0x557a93890d97", "branch_taken": true},
{"event": "branch", "inst_addr": "0x557a93890dc1", "branch_taken": true},
{"event": "branch", "inst_addr": "0x557a93890ddc", "branch_taken": true},
{"event": "branch", "inst_addr": "0x557a93890bac", "branch_taken": false},
{"event": "branch", "inst_addr": "0x557a93890bb6", "branch_taken": true},
{"event": "branch", "inst_addr": "0x557a93890bfe", "branch_taken": true},
{"event": "branch", "inst_addr": "0x557a93890c46", "branch_taken": true},
{"event": "branch", "inst_addr": "0x557a93890c8e", "branch_taken": true},
{"event": "branch", "inst_addr": "0x557a93890cd6", "branch_taken": true},
{"event": "branch", "inst_addr": "0x557a93890d1e", "branch_taken": true},
{"event": "branch", "inst_addr": "0x557a93890d63", "branch_taken": false},
{"event": "branch", "inst_addr": "0x557a93890d69", "branch_taken": false},
{"event": "branch", "inst_addr": "0x557a93890d6f", "branch_taken": false},
{"event": "branch", "inst_addr": "0x557a93890d97", "branch_taken": true},
{"event": "branch", "inst_addr": "0x557a93890dc1", "branch_taken": true},
{"event": "branch", "inst_addr": "0x557a93890ddc", "branch_taken": true},
{"event": "branch", "inst_addr": "0x557a93890bac", "branch_taken": false},
{"event": "branch", "inst_addr": "0x557a93890bb6", "branch_taken": true},
{"event": "branch", "inst_addr": "0x557a93890bfe", "branch_taken": true},
{"event": "branch", "inst_addr": "0x557a93890c46", "branch_taken": true},
{"event": "branch", "inst_addr": "0x557a93890c8e", "branch_taken": true},
{"event": "branch", "inst_addr": "0x557a93890cd6", "branch_taken": true},
{"event": "branch", "inst_addr": "0x557a93890d1e", "branch_taken": true},
{"event": "branch", "inst_addr": "0x557a93890d63", "branch_taken": false},
{"event": "branch", "inst_addr": "0x557a93890d69", "branch_taken": false},
{"event": "branch", "inst_addr": "0x557a93890d6f", "branch_taken": false},
{"event": "branch", "inst_addr": "0x557a93890d97", "branch_taken": false},
{"event": "branch", "inst_addr": "0x557a938909c4", "branch_taken": true},
{"event": "branch", "inst_addr": "0x557a93890db8", "branch_taken": true},
{"event": "branch", "inst_addr": "0x557a93890ddc", "branch_taken": true},
{"event": "branch", "inst_addr": "0x557a93890bac", "branch_taken": false},
{"event": "branch", "inst_addr": "0x557a93890bb6", "branch_taken": true},
{"event": "branch", "inst_addr": "0x557a93890bfe", "branch_taken": true},
{"event": "branch", "inst_addr": "0x557a93890c46", "branch_taken": true},
{"event": "branch", "inst_addr": "0x557a93890c8e", "branch_taken": true},
{"event": "branch", "inst_addr": "0x557a93890cd6", "branch_taken": true},
{"event": "branch", "inst_addr": "0x557a93890d1e", "branch_taken": true},
{"event": "branch", "inst_addr": "0x557a93890d63", "branch_taken": false},
{"event": "branch", "inst_addr": "0x557a93890d69", "branch_taken": false},
{"event": "branch", "inst_addr": "0x557a93890d6f", "branch_taken": false},
{"event": "branch", "inst_addr": "0x557a93890d97", "branch_taken": true},
{"event": "branch", "inst_addr": "0x557a93890dc1", "branch_taken": true},
{"event": "branch", "inst_addr": "0x557a93890ddc", "branch_taken": true},
{"event": "branch", "inst_addr": "0x557a93890bac", "branch_taken": false},
{"event": "branch", "inst_addr": "0x557a93890bb6", "branch_taken": true},
{"event": "branch", "inst_addr": "0x557a93890bfe", "branch_taken": true},
{"event": "branch", "inst_addr": "0x557a93890c46", "branch_taken": true},
{"event": "branch", "inst_addr": "0x557a93890c8e", "branch_taken": true},
{"event": "branch", "inst_addr": "0x557a93890cd6", "branch_taken": true},
{"event": "branch", "inst_addr": "0x557a93890d1e", "branch_taken": true},
{"event": "branch", "inst_addr": "0x557a93890d63", "branch_taken": false},
{"event": "branch", "inst_addr": "0x557a93890d69", "branch_taken": false},
{"event": "branch", "inst_addr": "0x557a93890d6f", "branch_taken": false},
{"event": "branch", "inst_addr": "0x557a93890d97", "branch_taken": true},
{"event": "branch", "inst_addr": "0x557a93890dc1", "branch_taken": true},
{"event": "branch", "inst_addr": "0x557a93890ddc", "branch_taken": true},
{"event": "branch", "inst_addr": "0x557a93890bac", "branch_taken": false},
{"event": "branch", "inst_addr": "0x557a93890bb6", "branch_taken": true},
{"event": "branch", "inst_addr": "0x557a93890bfe", "branch_taken": true},
{"event": "branch", "inst_addr": "0x557a93890c46", "branch_taken": true},
{"event": "branch", "inst_addr": "0x557a93890c8e", "branch_taken": true},
{"event": "branch", "inst_addr": "0x557a93890cd6", "branch_taken": true},
{"event": "branch", "inst_addr": "0x557a93890d1e", "branch_taken": true},
{"event": "branch", "inst_addr": "0x557a93890d63", "branch_taken": false},
{"event": "branch", "inst_addr": "0x557a93890d69", "branch_taken": false},
{"event": "branch", "inst_addr": "0x557a93890d6f", "branch_taken": false},
{"event": "branch", "inst_addr": "0x557a93890d97", "branch_taken": true},
{"event": "branch", "inst_addr": "0x557a93890dc1", "branch_taken": true},
{"event": "branch", "inst_addr": "0x557a93890ddc", "branch_taken": true},
{"event": "branch", "inst_addr": "0x557a93890bac", "branch_taken": false},
{"event": "branch", "inst_addr": "0x557a93890bb6", "branch_taken": true},
{"event": "branch", "inst_addr": "0x557a93890bfe", "branch_taken": true},
{"event": "branch", "inst_addr": "0x557a93890c46", "branch_taken": true},
{"event": "branch", "inst_addr": "0x557a93890c8e", "branch_taken": true},
{"event": "branch", "inst_addr": "0x557a93890cd6", "branch_taken": true},
{"event": "branch", "inst_addr": "0x557a93890d1e", "branch_taken": true},
{"event": "branch", "inst_addr": "0x557a93890d63", "branch_taken": false},
{"event": "branch", "inst_addr": "0x557a93890d69", "branch_taken": false},
{"event": "branch", "inst_addr": "0x557a93890d6f", "branch_taken": false},
{"event": "branch", "inst_addr": "0x557a93890d97", "branch_taken": false},
{"event": "branch", "inst_addr": "0x557a938909c4", "branch_taken": true},
{"event": "branch", "inst_addr": "0x557a93890db8", "branch_taken": true},
{"event": "branch", "inst_addr": "0x557a93890ddc", "branch_taken": true},
{"event": "branch", "inst_addr": "0x557a93890bac", "branch_taken": false},
{"event": "branch", "inst_addr": "0x557a93890bb6", "branch_taken": true},
{"event": "branch", "inst_addr": "0x557a93890bfe", "branch_taken": true},
{"event": "branch", "inst_addr": "0x557a93890c46", "branch_taken": false},
{"event": "branch", "inst_addr": "0x557a93890964", "branch_taken": true},
{"event": "branch", "inst_addr": "0x557a93890964", "branch_taken": true},
{"event": "branch", "inst_addr": "0x557a93890a5c", "branch_taken": true},
{"event": "branch", "inst_addr": "0x557a93890a82", "branch_taken": true},
{"event": "branch", "inst_addr": "0x557a93890a94", "branch_taken": true},
{"event": "branch", "inst_addr": "0x557a93890a94", "branch_taken": true},
{"event": "branch", "inst_addr": "0x557a93890a94", "branch_taken": true},
{"event": "branch", "inst_addr": "0x557a93890a94", "branch_taken": true},
{"event": "branch", "inst_addr": "0x557a93890a94", "branch_taken": true},
{"event": "branch", "inst_addr": "0x557a93890a94", "branch_taken": true},
{"event": "branch", "inst_addr": "0x557a93890a94", "branch_taken": true},
{"event": "branch", "inst_addr": "0x557a93890a94", "branch_taken": true},
{"event": "branch", "inst_addr": "0x557a93890a94", "branch_taken": true},
{"event": "branch", "inst_addr": "0x557a93890a94", "branch_taken": true},
{"event": "branch", "inst_addr": "0x557a93890a94", "branch_taken": true},
{"event": "branch", "inst_addr": "0x557a93890a94", "branch_taken": true},
{"event": "branch", "inst_addr": "0x557a93890a94", "branch_taken": false},
{"event": "branch", "inst_addr": "0x557a938909c4", "branch_taken": true},
{"event": "branch", "inst_addr": "0x557a93890c85", "branch_taken": true},
{"event": "branch", "inst_addr": "0x557a93890ddc", "branch_taken": true},
{"event": "branch", "inst_addr": "0x557a93890bac", "branch_taken": false},
{"event": "branch", "inst_addr": "0x557a93890bb6", "branch_taken": true},
{"event": "branch", "inst_addr": "0x557a93890bfe", "branch_taken": true},
{"event": "branch", "inst_addr": "0x557a93890c46", "branch_taken": true},
{"event": "branch", "inst_addr": "0x557a93890c8e", "branch_taken": true},
{"event": "branch", "inst_addr": "0x557a93890cd6", "branch_taken": false},
{"event": "branch", "inst_addr": "0x557a93890964", "branch_taken": true},
{"event": "branch", "inst_addr": "0x557a93890964", "branch_taken": true},
{"event": "branch", "inst_addr": "0x557a938909c4", "branch_taken": true},
{"event": "branch", "inst_addr": "0x557a93890d15", "branch_taken": true},
{"event": "branch", "inst_addr": "0x557a93890ddc", "branch_taken": true},
{"event": "branch", "inst_addr": "0x557a93890bac", "branch_taken": false},
{"event": "branch", "inst_addr": "0x557a93890bb6", "branch_taken": true},
{"event": "branch", "inst_addr": "0x557a93890bfe", "branch_taken": true},
{"event": "branch", "inst_addr": "0x557a93890c46", "branch_taken": true},
{"event": "branch", "inst_addr": "0x557a93890c8e", "branch_taken": true},
{"event": "branch", "inst_addr": "0x557a93890cd6", "branch_taken": true},
{"event": "branch", "inst_addr": "0x557a93890d1e", "branch_taken": true},
{"event": "branch", "inst_addr": "0x557a93890d63", "branch_taken": false},
{"event": "branch", "inst_addr": "0x557a93890d69", "branch_taken": false},
{"event": "branch", "inst_addr": "0x557a93890d6f", "branch_taken": false},
{"event": "branch", "inst_addr": "0x557a93890d97", "branch_taken": true},
{"event": "branch", "inst_addr": "0x557a93890dc1", "branch_taken": true},
{"event": "branch", "inst_addr": "0x557a93890ddc", "branch_taken": true},
{"event": "branch", "inst_addr": "0x557a93890bac", "branch_taken": false},
{"event": "branch", "inst_addr": "0x557a93890bb6", "branch_taken": true},
{"event": "branch", "inst_addr": "0x557a93890bfe", "branch_taken": true},
{"event": "branch", "inst_addr": "0x557a93890c46", "branch_taken": true},
{"event": "branch", "inst_addr": "0x557a93890c8e", "branch_taken": true},
{"event": "branch", "inst_addr": "0x557a93890cd6", "branch_taken": true},
{"event": "branch", "inst_addr": "0x557a93890d1e", "branch_taken": true},
{"event": "branch", "inst_addr": "0x557a93890d63", "branch_taken": false},
{"event": "branch", "inst_addr": "0x557a93890d69", "branch_taken": false},
{"event": "branch", "inst_addr": "0x557a93890d6f", "branch_taken": false},
{"event": "branch", "inst_addr": "0x557a93890d97", "branch_taken": true},
{"event": "branch", "inst_addr": "0x557a93890dc1", "branch_taken": true},
{"event": "branch", "inst_addr": "0x557a93890ddc", "branch_taken": true},
{"event": "branch", "inst_addr": "0x557a93890bac", "branch_taken": false},
{"event": "branch", "inst_addr": "0x557a93890bb6", "branch_taken": true},
{"event": "branch", "inst_addr": "0x557a93890bfe", "branch_taken": true},
{"event": "branch", "inst_addr": "0x557a93890c46", "branch_taken": true},
{"event": "branch", "inst_addr": "0x557a93890c8e", "branch_taken": true},
{"event": "branch", "inst_addr": "0x557a93890cd6", "branch_taken": true},
{"event": "branch", "inst_addr": "0x557a93890d1e", "branch_taken": true},
{"event": "branch", "inst_addr": "0x557a93890d63", "branch_taken": false},
{"event": "branch", "inst_addr": "0x557a93890d69", "branch_taken": false},
{"event": "branch", "inst_addr": "0x557a93890d6f", "branch_taken": false},
{"event": "branch", "inst_addr": "0x557a93890d97", "branch_taken": true},
{"event": "branch", "inst_addr": "0x557a93890dc1", "branch_taken": true},
{"event": "branch", "inst_addr": "0x557a93890ddc", "branch_taken": true},
{"event": "branch", "inst_addr": "0x557a93890bac", "branch_taken": false},
{"event": "branch", "inst_addr": "0x557a93890bb6", "branch_taken": true},
{"event": "branch", "inst_addr": "0x557a93890bfe", "branch_taken": true},
{"event": "branch", "inst_addr": "0x557a93890c46", "branch_taken": true},
{"event": "branch", "inst_addr": "0x557a93890c8e", "branch_taken": true},
{"event": "branch", "inst_addr": "0x557a93890cd6", "branch_taken": true},
{"event": "branch", "inst_addr": "0x557a93890d1e", "branch_taken": true},
{"event": "branch", "inst_addr": "0x557a93890d63", "branch_taken": false},
{"event": "branch", "inst_addr": "0x557a93890d69", "branch_taken": false},
{"event": "branch", "inst_addr": "0x557a93890d6f", "branch_taken": false},
{"event": "branch", "inst_addr": "0x557a93890d97", "branch_taken": false},
{"event": "branch", "inst_addr": "0x557a938909c4", "branch_taken": true},
{"event": "branch", "inst_addr": "0x557a93890db8", "branch_taken": true},
{"event": "branch", "inst_addr": "0x557a93890ddc", "branch_taken": true},
{"event": "branch", "inst_addr": "0x557a93890bac", "branch_taken": false},
{"event": "branch", "inst_addr": "0x557a93890bb6", "branch_taken": false},
{"event": "branch", "inst_addr": "0x557a93890964", "branch_taken": true},
{"event": "branch", "inst_addr": "0x557a93890964", "branch_taken": true},
{"event": "branch", "inst_addr": "0x557a93890a21", "branch_taken": true},
{"event": "branch", "inst_addr": "0x557a93890a31", "branch_taken": true},
{"event": "branch", "inst_addr": "0x557a93890a31", "branch_taken": true},
{"event": "branch", "inst_addr": "0x557a93890a31", "branch_taken": true},
{"event": "branch", "inst_addr": "0x557a93890a31", "branch_taken": true},
{"event": "branch", "inst_addr": "0x557a93890a31", "branch_taken": true},
{"event": "branch", "inst_addr": "0x557a93890a31", "branch_taken": true},
{"event": "branch", "inst_addr": "0x557a93890a31", "branch_taken": true},
{"event": "branch", "inst_addr": "0x557a93890a31", "branch_taken": true},
{"event": "branch", "inst_addr": "0x557a93890a31", "branch_taken": true},
{"event": "branch", "inst_addr": "0x557a93890a31", "branch_taken": true},
{"event": "branch", "inst_addr": "0x557a93890a31", "branch_taken": false},
{"event": "branch", "inst_addr": "0x557a938909c4", "branch_taken": true},
{"event": "branch", "inst_addr": "0x557a93890bf5", "branch_taken": true},
{"event": "branch", "inst_addr": "0x557a93890ddc", "branch_taken": true},
{"event": "branch", "inst_addr": "0x557a93890bac", "branch_taken": false},
{"event": "branch", "inst_addr": "0x557a93890bb6", "branch_taken": true},
{"event": "branch", "inst_addr": "0x557a93890bfe", "branch_taken": true},
{"event": "branch", "inst_addr": "0x557a93890c46", "branch_taken": true},
{"event": "branch", "inst_addr": "0x557a93890c8e", "branch_taken": true},
{"event": "branch", "inst_addr": "0x557a93890cd6", "branch_taken": true},
{"event": "branch", "inst_addr": "0x557a93890d1e", "branch_taken": true},
{"event": "branch", "inst_addr": "0x557a93890d63", "branch_taken": false},
{"event": "branch", "inst_addr": "0x557a93890d69", "branch_taken": false},
{"event": "branch", "inst_addr": "0x557a93890d6f", "branch_taken": false},
{"event": "branch", "inst_addr": "0x557a93890d97", "branch_taken": true},
{"event": "branch", "inst_addr": "0x557a93890dc1", "branch_taken": true},
{"event": "branch", "inst_addr": "0x557a93890ddc", "branch_taken": true},
{"event": "branch", "inst_addr": "0x557a93890bac", "branch_taken": false},
{"event": "branch", "inst_addr": "0x557a93890bb6", "branch_taken": true},
{"event": "branch", "inst_addr": "0x557a93890bfe", "branch_taken": true},
{"event": "branch", "inst_addr": "0x557a93890c46", "branch_taken": true},
{"event": "branch", "inst_addr": "0x557a93890c8e", "branch_taken": true},
{"event": "branch", "inst_addr": "0x557a93890cd6", "branch_taken": true},
{"event": "branch", "inst_addr": "0x557a93890d1e", "branch_taken": true},
{"event": "branch", "inst_addr": "0x557a93890d63", "branch_taken": false},
{"event": "branch", "inst_addr": "0x557a93890d69", "branch_taken": false},
{"event": "branch", "inst_addr": "0x557a93890d6f", "branch_taken": false},
{"event": "branch", "inst_addr": "0x557a93890d97", "branch_taken": true},
{"event": "branch", "inst_addr": "0x557a93890dc1", "branch_taken": true},
{"event": "branch", "inst_addr": "0x557a93890ddc", "branch_taken": true},
{"event": "branch", "inst_addr": "0x557a93890bac", "branch_taken": false},
{"event": "branch", "inst_addr": "0x557a93890bb6", "branch_taken": true},
{"event": "branch", "inst_addr": "0x557a93890bfe", "branch_taken": true},
{"event": "branch", "inst_addr": "0x557a93890c46", "branch_taken": true},
{"event": "branch", "inst_addr": "0x557a93890c8e", "branch_taken": true},
{"event": "branch", "inst_addr": "0x557a93890cd6", "branch_taken": true},
{"event": "branch", "inst_addr": "0x557a93890d1e", "branch_taken": true},
{"event": "branch", "inst_addr": "0x557a93890d63", "branch_taken": false},
{"event": "branch", "inst_addr": "0x557a93890d69", "branch_taken": false},
{"event": "branch", "inst_addr": "0x557a93890d6f", "branch_taken": false},
{"event": "branch", "inst_addr": "0x557a93890d97", "branch_taken": true},
{"event": "branch", "inst_addr": "0x557a93890dc1", "branch_taken": true},
{"event": "branch", "inst_addr": "0x557a93890ddc", "branch_taken": true},
{"event": "branch", "inst_addr": "0x557a93890bac", "branch_taken": false},
{"event": "branch", "inst_addr": "0x557a93890bb6", "branch_taken": true},
{"event": "branch", "inst_addr": "0x557a93890bfe", "branch_taken": true},
{"event": "branch", "inst_addr": "0x557a93890c46", "branch_taken": true},
{"event": "branch", "inst_addr": "0x557a93890c8e", "branch_taken": true},
{"event": "branch", "inst_addr": "0x557a93890cd6", "branch_taken": true},
{"event": "branch", "inst_addr": "0x557a93890d1e", "branch_taken": true},
{"event": "branch", "inst_addr": "0x557a93890d63", "branch_taken": false},
{"event": "branch", "inst_addr": "0x557a93890d69", "branch_taken": false},
{"event": "branch", "inst_addr": "0x557a93890d6f", "branch_taken": false},
{"event": "branch", "inst_addr": "0x557a93890d97", "branch_taken": false},
{"event": "branch", "inst_addr": "0x557a938909c4", "branch_taken": true},
{"event": "branch", "inst_addr": "0x557a93890db8", "branch_taken": true},
{"event": "branch", "inst_addr": "0x557a93890ddc", "branch_taken": true},
{"event": "branch", "inst_addr": "0x557a93890bac", "branch_taken": false},
{"event": "branch", "inst_addr": "0x557a93890bb6", "branch_taken": true},
{"event": "branch", "inst_addr": "0x557a93890bfe", "branch_taken": false},
{"event": "branch", "inst_addr": "0x557a93890964", "branch_taken": true},
{"event": "branch", "inst_addr": "0x557a93890964", "branch_taken": true},
{"event": "branch", "inst_addr": "0x557a938909c4", "branch_taken": true},
{"event": "branch", "inst_addr": "0x557a93890c3d", "branch_taken": true},
{"event": "branch", "inst_addr": "0x557a93890ddc", "branch_taken": false},
{"event": "branch", "inst_addr": "0x557a93890964", "branch_taken": true},
{"event": "branch", "inst_addr": "0x557a93890680", "branch_taken": true},
{"event": "branch", "inst_addr": "0x557a938907b7", "branch_taken": false},
{"event": "branch", "inst_addr": "0x557a938907c5", "branch_taken": false},
{"event": "branch", "inst_addr": "0x557a938906e0", "branch_taken": true},
{"event": "branch", "inst_addr": "0x557a93890735", "branch_taken": true},
{"event": "exit", "exit_code": 0}
]
